{"/Users/knightoffaith/Desktop/Code/Gymnasium/sum.js": {"path":"/Users/knightoffaith/Desktop/Code/Gymnasium/sum.js","statementMap":{"0":{"start":{"line":1,"column":12},"end":{"line":3,"column":1}},"1":{"start":{"line":2,"column":4},"end":{"line":2,"column":14}},"2":{"start":{"line":5,"column":0},"end":{"line":5,"column":20}}},"fnMap":{"0":{"name":"(anonymous_0)","decl":{"start":{"line":1,"column":12},"end":{"line":1,"column":13}},"loc":{"start":{"line":1,"column":21},"end":{"line":3,"column":1}},"line":1}},"branchMap":{},"s":{"0":1,"1":1,"2":1},"f":{"0":1},"b":{},"_coverageSchema":"1a1c01bbd47fc00a2c39e90264f33305004495a9","hash":"41625a66e87e0e7f5deecdf7a199f4a1c59835a2"}
,"/Users/knightoffaith/Desktop/Code/Gymnasium/ctci/checkPermutation.js": {"path":"/Users/knightoffaith/Desktop/Code/Gymnasium/ctci/checkPermutation.js","statementMap":{"0":{"start":{"line":15,"column":25},"end":{"line":29,"column":1}},"1":{"start":{"line":16,"column":4},"end":{"line":19,"column":5}},"2":{"start":{"line":18,"column":8},"end":{"line":18,"column":20}},"3":{"start":{"line":20,"column":4},"end":{"line":20,"column":26}},"4":{"start":{"line":21,"column":4},"end":{"line":27,"column":5}},"5":{"start":{"line":21,"column":17},"end":{"line":21,"column":18}},"6":{"start":{"line":22,"column":8},"end":{"line":26,"column":9}},"7":{"start":{"line":23,"column":12},"end":{"line":23,"column":33}},"8":{"start":{"line":25,"column":12},"end":{"line":25,"column":24}},"9":{"start":{"line":28,"column":4},"end":{"line":28,"column":25}},"10":{"start":{"line":31,"column":0},"end":{"line":31,"column":32}},"11":{"start":{"line":32,"column":0},"end":{"line":32,"column":31}},"12":{"start":{"line":34,"column":0},"end":{"line":34,"column":33}}},"fnMap":{"0":{"name":"(anonymous_0)","decl":{"start":{"line":15,"column":25},"end":{"line":15,"column":26}},"loc":{"start":{"line":15,"column":37},"end":{"line":29,"column":1}},"line":15}},"branchMap":{"0":{"loc":{"start":{"line":16,"column":4},"end":{"line":19,"column":5}},"type":"if","locations":[{"start":{"line":16,"column":4},"end":{"line":19,"column":5}},{"start":{},"end":{}}],"line":16},"1":{"loc":{"start":{"line":22,"column":8},"end":{"line":26,"column":9}},"type":"if","locations":[{"start":{"line":22,"column":8},"end":{"line":26,"column":9}},{"start":{"line":24,"column":15},"end":{"line":26,"column":9}}],"line":22}},"s":{"0":1,"1":6,"2":2,"3":4,"4":4,"5":4,"6":12,"7":11,"8":1,"9":3,"10":1,"11":1,"12":1},"f":{"0":6},"b":{"0":[2,4],"1":[11,1]},"_coverageSchema":"1a1c01bbd47fc00a2c39e90264f33305004495a9","hash":"86439b91994fe7609e75ad81086ae4d59f54c8aa"}
,"/Users/knightoffaith/Desktop/Code/Gymnasium/ctci/isOneAway.js": {"path":"/Users/knightoffaith/Desktop/Code/Gymnasium/ctci/isOneAway.js","statementMap":{"0":{"start":{"line":33,"column":18},"end":{"line":56,"column":1}},"1":{"start":{"line":34,"column":16},"end":{"line":34,"column":17}},"2":{"start":{"line":35,"column":20},"end":{"line":35,"column":50}},"3":{"start":{"line":36,"column":15},"end":{"line":36,"column":30}},"4":{"start":{"line":38,"column":4},"end":{"line":40,"column":5}},"5":{"start":{"line":39,"column":8},"end":{"line":39,"column":21}},"6":{"start":{"line":42,"column":4},"end":{"line":54,"column":5}},"7":{"start":{"line":42,"column":15},"end":{"line":42,"column":16}},"8":{"start":{"line":42,"column":20},"end":{"line":42,"column":21}},"9":{"start":{"line":43,"column":24},"end":{"line":43,"column":29}},"10":{"start":{"line":44,"column":24},"end":{"line":44,"column":29}},"11":{"start":{"line":45,"column":12},"end":{"line":53,"column":13}},"12":{"start":{"line":46,"column":16},"end":{"line":46,"column":24}},"13":{"start":{"line":47,"column":16},"end":{"line":47,"column":45}},"14":{"start":{"line":47,"column":32},"end":{"line":47,"column":45}},"15":{"start":{"line":48,"column":16},"end":{"line":52,"column":17}},"16":{"start":{"line":49,"column":20},"end":{"line":49,"column":23}},"17":{"start":{"line":50,"column":23},"end":{"line":52,"column":17}},"18":{"start":{"line":51,"column":20},"end":{"line":51,"column":23}},"19":{"start":{"line":55,"column":4},"end":{"line":55,"column":16}},"20":{"start":{"line":58,"column":0},"end":{"line":58,"column":26}}},"fnMap":{"0":{"name":"(anonymous_0)","decl":{"start":{"line":33,"column":18},"end":{"line":33,"column":19}},"loc":{"start":{"line":33,"column":30},"end":{"line":56,"column":1}},"line":33}},"branchMap":{"0":{"loc":{"start":{"line":38,"column":4},"end":{"line":40,"column":5}},"type":"if","locations":[{"start":{"line":38,"column":4},"end":{"line":40,"column":5}},{"start":{},"end":{}}],"line":38},"1":{"loc":{"start":{"line":42,"column":23},"end":{"line":42,"column":53}},"type":"binary-expr","locations":[{"start":{"line":42,"column":23},"end":{"line":42,"column":36}},{"start":{"line":42,"column":40},"end":{"line":42,"column":53}}],"line":42},"2":{"loc":{"start":{"line":45,"column":12},"end":{"line":53,"column":13}},"type":"if","locations":[{"start":{"line":45,"column":12},"end":{"line":53,"column":13}},{"start":{},"end":{}}],"line":45},"3":{"loc":{"start":{"line":47,"column":16},"end":{"line":47,"column":45}},"type":"if","locations":[{"start":{"line":47,"column":16},"end":{"line":47,"column":45}},{"start":{},"end":{}}],"line":47},"4":{"loc":{"start":{"line":48,"column":16},"end":{"line":52,"column":17}},"type":"if","locations":[{"start":{"line":48,"column":16},"end":{"line":52,"column":17}},{"start":{"line":50,"column":23},"end":{"line":52,"column":17}}],"line":48},"5":{"loc":{"start":{"line":50,"column":23},"end":{"line":52,"column":17}},"type":"if","locations":[{"start":{"line":50,"column":23},"end":{"line":52,"column":17}},{"start":{},"end":{}}],"line":50}},"s":{"0":1,"1":8,"2":8,"3":8,"4":8,"5":0,"6":8,"7":8,"8":8,"9":33,"10":33,"11":33,"12":11,"13":11,"14":3,"15":8,"16":1,"17":7,"18":3,"19":5,"20":1},"f":{"0":8},"b":{"0":[0,8],"1":[38,7],"2":[11,22],"3":[3,8],"4":[1,7],"5":[3,4]},"_coverageSchema":"1a1c01bbd47fc00a2c39e90264f33305004495a9","hash":"6bdd2447b604668cf79a5ec53fc9aeae04e40478"}
,"/Users/knightoffaith/Desktop/Code/Gymnasium/ctci/isUnique.js": {"path":"/Users/knightoffaith/Desktop/Code/Gymnasium/ctci/isUnique.js","statementMap":{"0":{"start":{"line":16,"column":17},"end":{"line":26,"column":1}},"1":{"start":{"line":17,"column":11},"end":{"line":17,"column":13}},"2":{"start":{"line":18,"column":3},"end":{"line":24,"column":4}},"3":{"start":{"line":18,"column":16},"end":{"line":18,"column":17}},"4":{"start":{"line":19,"column":8},"end":{"line":19,"column":21}},"5":{"start":{"line":20,"column":8},"end":{"line":22,"column":9}},"6":{"start":{"line":21,"column":12},"end":{"line":21,"column":25}},"7":{"start":{"line":23,"column":8},"end":{"line":23,"column":27}},"8":{"start":{"line":25,"column":3},"end":{"line":25,"column":15}},"9":{"start":{"line":28,"column":0},"end":{"line":28,"column":25}}},"fnMap":{"0":{"name":"(anonymous_0)","decl":{"start":{"line":16,"column":17},"end":{"line":16,"column":18}},"loc":{"start":{"line":16,"column":24},"end":{"line":26,"column":1}},"line":16}},"branchMap":{"0":{"loc":{"start":{"line":20,"column":8},"end":{"line":22,"column":9}},"type":"if","locations":[{"start":{"line":20,"column":8},"end":{"line":22,"column":9}},{"start":{},"end":{}}],"line":20}},"s":{"0":2,"1":6,"2":6,"3":6,"4":21,"5":21,"6":3,"7":18,"8":3,"9":2},"f":{"0":6},"b":{"0":[3,18]},"_coverageSchema":"1a1c01bbd47fc00a2c39e90264f33305004495a9","hash":"bb1331086c74fb1c44ebad73fcd3f6b1c7c98a61"}
,"/Users/knightoffaith/Desktop/Code/Gymnasium/ctci/palindromePermutation.js": {"path":"/Users/knightoffaith/Desktop/Code/Gymnasium/ctci/palindromePermutation.js","statementMap":{"0":{"start":{"line":13,"column":30},"end":{"line":28,"column":1}},"1":{"start":{"line":14,"column":15},"end":{"line":14,"column":17}},"2":{"start":{"line":15,"column":4},"end":{"line":20,"column":5}},"3":{"start":{"line":15,"column":17},"end":{"line":15,"column":18}},"4":{"start":{"line":16,"column":16},"end":{"line":16,"column":20}},"5":{"start":{"line":17,"column":8},"end":{"line":19,"column":9}},"6":{"start":{"line":18,"column":12},"end":{"line":18,"column":39}},"7":{"start":{"line":21,"column":15},"end":{"line":21,"column":16}},"8":{"start":{"line":22,"column":4},"end":{"line":26,"column":5}},"9":{"start":{"line":23,"column":8},"end":{"line":25,"column":9}},"10":{"start":{"line":24,"column":12},"end":{"line":24,"column":22}},"11":{"start":{"line":27,"column":4},"end":{"line":27,"column":22}},"12":{"start":{"line":30,"column":0},"end":{"line":30,"column":38}}},"fnMap":{"0":{"name":"(anonymous_0)","decl":{"start":{"line":13,"column":30},"end":{"line":13,"column":31}},"loc":{"start":{"line":13,"column":37},"end":{"line":28,"column":1}},"line":13}},"branchMap":{"0":{"loc":{"start":{"line":17,"column":8},"end":{"line":19,"column":9}},"type":"if","locations":[{"start":{"line":17,"column":8},"end":{"line":19,"column":9}},{"start":{},"end":{}}],"line":17},"1":{"loc":{"start":{"line":18,"column":22},"end":{"line":18,"column":38}},"type":"binary-expr","locations":[{"start":{"line":18,"column":22},"end":{"line":18,"column":33}},{"start":{"line":18,"column":37},"end":{"line":18,"column":38}}],"line":18},"2":{"loc":{"start":{"line":23,"column":8},"end":{"line":25,"column":9}},"type":"if","locations":[{"start":{"line":23,"column":8},"end":{"line":25,"column":9}},{"start":{},"end":{}}],"line":23}},"s":{"0":1,"1":7,"2":7,"3":7,"4":37,"5":37,"6":35,"7":7,"8":7,"9":24,"10":13,"11":7,"12":1},"f":{"0":7},"b":{"0":[35,2],"1":[35,24],"2":[13,11]},"_coverageSchema":"1a1c01bbd47fc00a2c39e90264f33305004495a9","hash":"ac80ed58fc9eba6998b962eb789dcc9bb84f9920"}
,"/Users/knightoffaith/Desktop/Code/Gymnasium/ctci/palindromePermutation2.js": {"path":"/Users/knightoffaith/Desktop/Code/Gymnasium/ctci/palindromePermutation2.js","statementMap":{"0":{"start":{"line":14,"column":31},"end":{"line":28,"column":1}},"1":{"start":{"line":16,"column":14},"end":{"line":16,"column":34}},"2":{"start":{"line":17,"column":18},"end":{"line":17,"column":27}},"3":{"start":{"line":18,"column":4},"end":{"line":25,"column":5}},"4":{"start":{"line":18,"column":17},"end":{"line":18,"column":18}},"5":{"start":{"line":19,"column":19},"end":{"line":19,"column":25}},"6":{"start":{"line":20,"column":8},"end":{"line":24,"column":9}},"7":{"start":{"line":21,"column":12},"end":{"line":21,"column":33}},"8":{"start":{"line":23,"column":12},"end":{"line":23,"column":30}},"9":{"start":{"line":26,"column":4},"end":{"line":26,"column":50}},"10":{"start":{"line":27,"column":4},"end":{"line":27,"column":35}},"11":{"start":{"line":30,"column":0},"end":{"line":30,"column":39}}},"fnMap":{"0":{"name":"(anonymous_0)","decl":{"start":{"line":14,"column":31},"end":{"line":14,"column":32}},"loc":{"start":{"line":14,"column":38},"end":{"line":28,"column":1}},"line":14}},"branchMap":{"0":{"loc":{"start":{"line":20,"column":8},"end":{"line":24,"column":9}},"type":"if","locations":[{"start":{"line":20,"column":8},"end":{"line":24,"column":9}},{"start":{"line":22,"column":15},"end":{"line":24,"column":9}}],"line":20}},"s":{"0":1,"1":7,"2":7,"3":7,"4":7,"5":35,"6":35,"7":11,"8":24,"9":7,"10":7,"11":1},"f":{"0":7},"b":{"0":[11,24]},"_coverageSchema":"1a1c01bbd47fc00a2c39e90264f33305004495a9","hash":"313b230176da6a64d32756e08df3818f11e1b8a5"}
,"/Users/knightoffaith/Desktop/Code/Gymnasium/ctci/urlify.js": {"path":"/Users/knightoffaith/Desktop/Code/Gymnasium/ctci/urlify.js","statementMap":{"0":{"start":{"line":5,"column":15},"end":{"line":7,"column":1}},"1":{"start":{"line":6,"column":4},"end":{"line":6,"column":35}},"2":{"start":{"line":9,"column":0},"end":{"line":9,"column":23}}},"fnMap":{"0":{"name":"(anonymous_0)","decl":{"start":{"line":5,"column":15},"end":{"line":5,"column":16}},"loc":{"start":{"line":5,"column":22},"end":{"line":7,"column":1}},"line":5}},"branchMap":{},"s":{"0":3,"1":18,"2":3},"f":{"0":18},"b":{},"_coverageSchema":"1a1c01bbd47fc00a2c39e90264f33305004495a9","hash":"44b7b02ef2cf1cf7c1418e884d077019b23e9459"}
,"/Users/knightoffaith/Desktop/Code/Gymnasium/dynamicprogramming/equalSubset.js": {"path":"/Users/knightoffaith/Desktop/Code/Gymnasium/dynamicprogramming/equalSubset.js","statementMap":{"0":{"start":{"line":17,"column":20},"end":{"line":25,"column":2}},"1":{"start":{"line":18,"column":14},"end":{"line":18,"column":15}},"2":{"start":{"line":19,"column":4},"end":{"line":25,"column":1}},"3":{"start":{"line":19,"column":17},"end":{"line":19,"column":18}},"4":{"start":{"line":20,"column":8},"end":{"line":20,"column":24}},"5":{"start":{"line":21,"column":4},"end":{"line":23,"column":5}},"6":{"start":{"line":22,"column":8},"end":{"line":22,"column":20}},"7":{"start":{"line":24,"column":4},"end":{"line":24,"column":41}},"8":{"start":{"line":27,"column":22},"end":{"line":36,"column":1}},"9":{"start":{"line":28,"column":8},"end":{"line":28,"column":35}},"10":{"start":{"line":28,"column":23},"end":{"line":28,"column":35}},"11":{"start":{"line":29,"column":8},"end":{"line":29,"column":69}},"12":{"start":{"line":29,"column":56},"end":{"line":29,"column":69}},"13":{"start":{"line":31,"column":8},"end":{"line":33,"column":9}},"14":{"start":{"line":32,"column":12},"end":{"line":32,"column":74}},"15":{"start":{"line":32,"column":62},"end":{"line":32,"column":74}},"16":{"start":{"line":35,"column":8},"end":{"line":35,"column":47}},"17":{"start":{"line":42,"column":0},"end":{"line":42,"column":28}}},"fnMap":{"0":{"name":"(anonymous_0)","decl":{"start":{"line":17,"column":20},"end":{"line":17,"column":21}},"loc":{"start":{"line":17,"column":31},"end":{"line":25,"column":2}},"line":17},"1":{"name":"(anonymous_1)","decl":{"start":{"line":27,"column":22},"end":{"line":27,"column":23}},"loc":{"start":{"line":27,"column":43},"end":{"line":36,"column":1}},"line":27}},"branchMap":{"0":{"loc":{"start":{"line":21,"column":4},"end":{"line":23,"column":5}},"type":"if","locations":[{"start":{"line":21,"column":4},"end":{"line":23,"column":5}},{"start":{},"end":{}}],"line":21},"1":{"loc":{"start":{"line":28,"column":8},"end":{"line":28,"column":35}},"type":"if","locations":[{"start":{"line":28,"column":8},"end":{"line":28,"column":35}},{"start":{},"end":{}}],"line":28},"2":{"loc":{"start":{"line":29,"column":8},"end":{"line":29,"column":69}},"type":"if","locations":[{"start":{"line":29,"column":8},"end":{"line":29,"column":69}},{"start":{},"end":{}}],"line":29},"3":{"loc":{"start":{"line":29,"column":13},"end":{"line":29,"column":54}},"type":"binary-expr","locations":[{"start":{"line":29,"column":13},"end":{"line":29,"column":31}},{"start":{"line":29,"column":35},"end":{"line":29,"column":54}}],"line":29},"4":{"loc":{"start":{"line":31,"column":8},"end":{"line":33,"column":9}},"type":"if","locations":[{"start":{"line":31,"column":8},"end":{"line":33,"column":9}},{"start":{},"end":{}}],"line":31},"5":{"loc":{"start":{"line":32,"column":12},"end":{"line":32,"column":74}},"type":"if","locations":[{"start":{"line":32,"column":12},"end":{"line":32,"column":74}},{"start":{},"end":{}}],"line":32}},"s":{"0":1,"1":2,"2":2,"3":2,"4":2,"5":2,"6":1,"7":1,"8":1,"9":5,"10":0,"11":5,"12":1,"13":4,"14":0,"15":0,"16":4,"17":1},"f":{"0":2,"1":5},"b":{"0":[1,1],"1":[0,5],"2":[1,4],"3":[5,5],"4":[0,4],"5":[0,0]},"_coverageSchema":"1a1c01bbd47fc00a2c39e90264f33305004495a9","hash":"a6b1f8b53f13797b24e4134232cb704b69ff6b4e"}
,"/Users/knightoffaith/Desktop/Code/Gymnasium/dynamicprogramming/fib.js": {"path":"/Users/knightoffaith/Desktop/Code/Gymnasium/dynamicprogramming/fib.js","statementMap":{"0":{"start":{"line":1,"column":12},"end":{"line":6,"column":1}},"1":{"start":{"line":2,"column":2},"end":{"line":4,"column":3}},"2":{"start":{"line":3,"column":4},"end":{"line":3,"column":18}},"3":{"start":{"line":5,"column":4},"end":{"line":5,"column":45}},"4":{"start":{"line":9,"column":0},"end":{"line":9,"column":20}}},"fnMap":{"0":{"name":"(anonymous_0)","decl":{"start":{"line":1,"column":12},"end":{"line":1,"column":13}},"loc":{"start":{"line":1,"column":24},"end":{"line":6,"column":1}},"line":1}},"branchMap":{"0":{"loc":{"start":{"line":2,"column":2},"end":{"line":4,"column":3}},"type":"if","locations":[{"start":{"line":2,"column":2},"end":{"line":4,"column":3}},{"start":{},"end":{}}],"line":2}},"s":{"0":1,"1":100,"2":54,"3":46,"4":1},"f":{"0":100},"b":{"0":[54,46]},"_coverageSchema":"1a1c01bbd47fc00a2c39e90264f33305004495a9","hash":"364dc7a7183d6b759a6df0fd694fcf83e254e651"}
,"/Users/knightoffaith/Desktop/Code/Gymnasium/dynamicprogramming/knapsack.js": {"path":"/Users/knightoffaith/Desktop/Code/Gymnasium/dynamicprogramming/knapsack.js","statementMap":{"0":{"start":{"line":10,"column":17},"end":{"line":24,"column":3}},"1":{"start":{"line":11,"column":4},"end":{"line":13,"column":5}},"2":{"start":{"line":12,"column":8},"end":{"line":12,"column":17}},"3":{"start":{"line":14,"column":20},"end":{"line":14,"column":21}},"4":{"start":{"line":15,"column":24},"end":{"line":15,"column":25}},"5":{"start":{"line":16,"column":4},"end":{"line":22,"column":5}},"6":{"start":{"line":16,"column":17},"end":{"line":16,"column":18}},"7":{"start":{"line":17,"column":6},"end":{"line":20,"column":8}},"8":{"start":{"line":17,"column":19},"end":{"line":17,"column":20}},"9":{"start":{"line":18,"column":10},"end":{"line":20,"column":7}},"10":{"start":{"line":19,"column":10},"end":{"line":19,"column":50}},"11":{"start":{"line":21,"column":6},"end":{"line":21,"column":53}},"12":{"start":{"line":23,"column":4},"end":{"line":23,"column":21}},"13":{"start":{"line":26,"column":0},"end":{"line":26,"column":25}}},"fnMap":{"0":{"name":"(anonymous_0)","decl":{"start":{"line":10,"column":17},"end":{"line":10,"column":18}},"loc":{"start":{"line":10,"column":49},"end":{"line":24,"column":3}},"line":10}},"branchMap":{"0":{"loc":{"start":{"line":11,"column":4},"end":{"line":13,"column":5}},"type":"if","locations":[{"start":{"line":11,"column":4},"end":{"line":13,"column":5}},{"start":{},"end":{}}],"line":11},"1":{"loc":{"start":{"line":18,"column":10},"end":{"line":20,"column":7}},"type":"if","locations":[{"start":{"line":18,"column":10},"end":{"line":20,"column":7}},{"start":{},"end":{}}],"line":18},"2":{"loc":{"start":{"line":18,"column":15},"end":{"line":18,"column":66}},"type":"binary-expr","locations":[{"start":{"line":18,"column":16},"end":{"line":18,"column":23}},{"start":{"line":18,"column":29},"end":{"line":18,"column":65}}],"line":18}},"s":{"0":3,"1":6,"2":0,"3":6,"4":6,"5":6,"6":6,"7":24,"8":24,"9":96,"10":54,"11":24,"12":6,"13":3},"f":{"0":6},"b":{"0":[0,6],"1":[54,42],"2":[96,72]},"_coverageSchema":"1a1c01bbd47fc00a2c39e90264f33305004495a9","hash":"fdc129b474dac32fa9e469ba7a02b8a53b7375f4"}
,"/Users/knightoffaith/Desktop/Code/Gymnasium/hackerrank/diagonalDifference.js": {"path":"/Users/knightoffaith/Desktop/Code/Gymnasium/hackerrank/diagonalDifference.js","statementMap":{"0":{"start":{"line":13,"column":27},"end":{"line":29,"column":1}},"1":{"start":{"line":14,"column":19},"end":{"line":14,"column":20}},"2":{"start":{"line":15,"column":20},"end":{"line":15,"column":21}},"3":{"start":{"line":16,"column":4},"end":{"line":25,"column":5}},"4":{"start":{"line":16,"column":17},"end":{"line":16,"column":18}},"5":{"start":{"line":17,"column":8},"end":{"line":24,"column":9}},"6":{"start":{"line":17,"column":21},"end":{"line":17,"column":22}},"7":{"start":{"line":18,"column":12},"end":{"line":20,"column":13}},"8":{"start":{"line":19,"column":16},"end":{"line":19,"column":38}},"9":{"start":{"line":21,"column":12},"end":{"line":23,"column":13}},"10":{"start":{"line":22,"column":16},"end":{"line":22,"column":39}},"11":{"start":{"line":28,"column":4},"end":{"line":28,"column":42}},"12":{"start":{"line":31,"column":0},"end":{"line":31,"column":35}}},"fnMap":{"0":{"name":"(anonymous_0)","decl":{"start":{"line":13,"column":27},"end":{"line":13,"column":28}},"loc":{"start":{"line":13,"column":36},"end":{"line":29,"column":1}},"line":13}},"branchMap":{"0":{"loc":{"start":{"line":18,"column":12},"end":{"line":20,"column":13}},"type":"if","locations":[{"start":{"line":18,"column":12},"end":{"line":20,"column":13}},{"start":{},"end":{}}],"line":18},"1":{"loc":{"start":{"line":21,"column":12},"end":{"line":23,"column":13}},"type":"if","locations":[{"start":{"line":21,"column":12},"end":{"line":23,"column":13}},{"start":{},"end":{}}],"line":21}},"s":{"0":1,"1":1,"2":1,"3":1,"4":1,"5":3,"6":3,"7":9,"8":3,"9":9,"10":3,"11":1,"12":1},"f":{"0":1},"b":{"0":[3,6],"1":[3,6]},"_coverageSchema":"1a1c01bbd47fc00a2c39e90264f33305004495a9","hash":"62b2bd8937b6118c6e201df93302b918f8687822"}
,"/Users/knightoffaith/Desktop/Code/Gymnasium/hackerrank/militaryTimeConversion.js": {"path":"/Users/knightoffaith/Desktop/Code/Gymnasium/hackerrank/militaryTimeConversion.js","statementMap":{"0":{"start":{"line":11,"column":31},"end":{"line":33,"column":1}},"1":{"start":{"line":12,"column":17},"end":{"line":12,"column":60}},"2":{"start":{"line":13,"column":15},"end":{"line":13,"column":30}},"3":{"start":{"line":15,"column":17},"end":{"line":15,"column":32}},"4":{"start":{"line":17,"column":17},"end":{"line":17,"column":47}},"5":{"start":{"line":20,"column":4},"end":{"line":32,"column":5}},"6":{"start":{"line":21,"column":8},"end":{"line":25,"column":9}},"7":{"start":{"line":22,"column":12},"end":{"line":22,"column":43}},"8":{"start":{"line":24,"column":12},"end":{"line":24,"column":46}},"9":{"start":{"line":27,"column":8},"end":{"line":31,"column":9}},"10":{"start":{"line":28,"column":12},"end":{"line":28,"column":46}},"11":{"start":{"line":30,"column":12},"end":{"line":30,"column":61}},"12":{"start":{"line":36,"column":0},"end":{"line":36,"column":39}}},"fnMap":{"0":{"name":"(anonymous_0)","decl":{"start":{"line":11,"column":31},"end":{"line":11,"column":32}},"loc":{"start":{"line":11,"column":38},"end":{"line":33,"column":1}},"line":11}},"branchMap":{"0":{"loc":{"start":{"line":20,"column":4},"end":{"line":32,"column":5}},"type":"if","locations":[{"start":{"line":20,"column":4},"end":{"line":32,"column":5}},{"start":{"line":26,"column":11},"end":{"line":32,"column":5}}],"line":20},"1":{"loc":{"start":{"line":21,"column":8},"end":{"line":25,"column":9}},"type":"if","locations":[{"start":{"line":21,"column":8},"end":{"line":25,"column":9}},{"start":{"line":23,"column":16},"end":{"line":25,"column":9}}],"line":21},"2":{"loc":{"start":{"line":27,"column":8},"end":{"line":31,"column":9}},"type":"if","locations":[{"start":{"line":27,"column":8},"end":{"line":31,"column":9}},{"start":{"line":29,"column":15},"end":{"line":31,"column":9}}],"line":27}},"s":{"0":1,"1":5,"2":5,"3":5,"4":5,"5":5,"6":4,"7":3,"8":1,"9":1,"10":0,"11":1,"12":1},"f":{"0":5},"b":{"0":[4,1],"1":[3,1],"2":[0,1]},"_coverageSchema":"1a1c01bbd47fc00a2c39e90264f33305004495a9","hash":"01312c7c719dd58cd4bafa8197ed143083b418d7"}
,"/Users/knightoffaith/Desktop/Code/Gymnasium/hackerrank/permutationEquation.js": {"path":"/Users/knightoffaith/Desktop/Code/Gymnasium/hackerrank/permutationEquation.js","statementMap":{"0":{"start":{"line":2,"column":16},"end":{"line":2,"column":18}},"1":{"start":{"line":3,"column":12},"end":{"line":3,"column":22}},"2":{"start":{"line":4,"column":4},"end":{"line":6,"column":5}},"3":{"start":{"line":4,"column":17},"end":{"line":4,"column":18}},"4":{"start":{"line":5,"column":13},"end":{"line":5,"column":55}},"5":{"start":{"line":8,"column":4},"end":{"line":8,"column":17}},"6":{"start":{"line":12,"column":0},"end":{"line":12,"column":36}}},"fnMap":{"0":{"name":"permutationEquation","decl":{"start":{"line":1,"column":9},"end":{"line":1,"column":28}},"loc":{"start":{"line":1,"column":32},"end":{"line":9,"column":2}},"line":1}},"branchMap":{},"s":{"0":1,"1":1,"2":1,"3":1,"4":5,"5":1,"6":1},"f":{"0":1},"b":{},"_coverageSchema":"1a1c01bbd47fc00a2c39e90264f33305004495a9","hash":"11f0189257145cb4fde38874f8715ab4056c03cd"}
,"/Users/knightoffaith/Desktop/Code/Gymnasium/interviews/kUniqueChars.js": {"path":"/Users/knightoffaith/Desktop/Code/Gymnasium/interviews/kUniqueChars.js","statementMap":{"0":{"start":{"line":10,"column":21},"end":{"line":36,"column":1}},"1":{"start":{"line":11,"column":12},"end":{"line":11,"column":16}},"2":{"start":{"line":12,"column":14},"end":{"line":12,"column":36}},"3":{"start":{"line":15,"column":24},"end":{"line":15,"column":25}},"4":{"start":{"line":16,"column":30},"end":{"line":16,"column":31}},"5":{"start":{"line":17,"column":15},"end":{"line":17,"column":17}},"6":{"start":{"line":18,"column":20},"end":{"line":18,"column":21}},"7":{"start":{"line":20,"column":4},"end":{"line":33,"column":5}},"8":{"start":{"line":20,"column":17},"end":{"line":20,"column":18}},"9":{"start":{"line":21,"column":19},"end":{"line":21,"column":25}},"10":{"start":{"line":22,"column":8},"end":{"line":22,"column":26}},"11":{"start":{"line":25,"column":8},"end":{"line":29,"column":9}},"12":{"start":{"line":27,"column":12},"end":{"line":27,"column":24}},"13":{"start":{"line":28,"column":12},"end":{"line":28,"column":28}},"14":{"start":{"line":31,"column":8},"end":{"line":31,"column":48}},"15":{"start":{"line":32,"column":8},"end":{"line":32,"column":60}},"16":{"start":{"line":35,"column":4},"end":{"line":35,"column":21}},"17":{"start":{"line":39,"column":0},"end":{"line":39,"column":29}}},"fnMap":{"0":{"name":"(anonymous_0)","decl":{"start":{"line":10,"column":21},"end":{"line":10,"column":22}},"loc":{"start":{"line":10,"column":28},"end":{"line":36,"column":1}},"line":10}},"branchMap":{"0":{"loc":{"start":{"line":25,"column":8},"end":{"line":29,"column":9}},"type":"if","locations":[{"start":{"line":25,"column":8},"end":{"line":29,"column":9}},{"start":{},"end":{}}],"line":25}},"s":{"0":1,"1":1,"2":1,"3":1,"4":1,"5":1,"6":1,"7":1,"8":1,"9":4,"10":4,"11":4,"12":0,"13":0,"14":4,"15":4,"16":1,"17":1},"f":{"0":1},"b":{"0":[0,4]},"_coverageSchema":"1a1c01bbd47fc00a2c39e90264f33305004495a9","hash":"64d091c1706068809412c6fed5f4f9b2e7b1cbc8"}
,"/Users/knightoffaith/Desktop/Code/Gymnasium/interviews/longestSubstring.js": {"path":"/Users/knightoffaith/Desktop/Code/Gymnasium/interviews/longestSubstring.js","statementMap":{"0":{"start":{"line":17,"column":25},"end":{"line":35,"column":1}},"1":{"start":{"line":18,"column":19},"end":{"line":18,"column":20}},"2":{"start":{"line":19,"column":19},"end":{"line":19,"column":20}},"3":{"start":{"line":20,"column":24},"end":{"line":20,"column":25}},"4":{"start":{"line":21,"column":18},"end":{"line":21,"column":27}},"5":{"start":{"line":23,"column":4},"end":{"line":32,"column":5}},"6":{"start":{"line":24,"column":8},"end":{"line":31,"column":9}},"7":{"start":{"line":25,"column":12},"end":{"line":25,"column":37}},"8":{"start":{"line":26,"column":12},"end":{"line":26,"column":23}},"9":{"start":{"line":27,"column":12},"end":{"line":27,"column":66}},"10":{"start":{"line":29,"column":12},"end":{"line":29,"column":40}},"11":{"start":{"line":30,"column":12},"end":{"line":30,"column":23}},"12":{"start":{"line":33,"column":4},"end":{"line":33,"column":47}},"13":{"start":{"line":34,"column":4},"end":{"line":34,"column":24}},"14":{"start":{"line":38,"column":0},"end":{"line":38,"column":33}}},"fnMap":{"0":{"name":"(anonymous_0)","decl":{"start":{"line":17,"column":25},"end":{"line":17,"column":26}},"loc":{"start":{"line":17,"column":32},"end":{"line":35,"column":1}},"line":17}},"branchMap":{"0":{"loc":{"start":{"line":24,"column":8},"end":{"line":31,"column":9}},"type":"if","locations":[{"start":{"line":24,"column":8},"end":{"line":31,"column":9}},{"start":{"line":28,"column":15},"end":{"line":31,"column":9}}],"line":24}},"s":{"0":1,"1":5,"2":5,"3":5,"4":5,"5":5,"6":59,"7":35,"8":35,"9":35,"10":24,"11":24,"12":5,"13":5,"14":1},"f":{"0":5},"b":{"0":[35,24]},"_coverageSchema":"1a1c01bbd47fc00a2c39e90264f33305004495a9","hash":"e3bd64569eac74d85e78766c6dd590f8e7f44681"}
}
