TN:
SF:sum.js
FN:1,(anonymous_0)
FNF:1
FNH:1
FNDA:1,(anonymous_0)
DA:1,1
DA:2,1
DA:5,1
LF:3
LH:3
BRF:0
BRH:0
end_of_record
TN:
SF:ctci/checkPermutation.js
FN:15,(anonymous_0)
FNF:1
FNH:1
FNDA:6,(anonymous_0)
DA:15,1
DA:16,6
DA:18,2
DA:20,4
DA:21,4
DA:22,12
DA:23,11
DA:25,1
DA:28,3
DA:31,1
DA:32,1
DA:34,1
LF:12
LH:12
BRDA:16,0,0,2
BRDA:16,0,1,4
BRDA:22,1,0,11
BRDA:22,1,1,1
BRF:4
BRH:4
end_of_record
TN:
SF:ctci/isOneAway.js
FN:33,(anonymous_0)
FNF:1
FNH:1
FNDA:8,(anonymous_0)
DA:33,1
DA:34,8
DA:35,8
DA:36,8
DA:38,8
DA:39,0
DA:42,8
DA:43,33
DA:44,33
DA:45,33
DA:46,11
DA:47,11
DA:48,8
DA:49,1
DA:50,7
DA:51,3
DA:55,5
DA:58,1
LF:18
LH:17
BRDA:38,0,0,0
BRDA:38,0,1,8
BRDA:42,1,0,38
BRDA:42,1,1,7
BRDA:45,2,0,11
BRDA:45,2,1,22
BRDA:47,3,0,3
BRDA:47,3,1,8
BRDA:48,4,0,1
BRDA:48,4,1,7
BRDA:50,5,0,3
BRDA:50,5,1,4
BRF:12
BRH:11
end_of_record
TN:
SF:ctci/isUnique.js
FN:16,(anonymous_0)
FNF:1
FNH:1
FNDA:6,(anonymous_0)
DA:16,2
DA:17,6
DA:18,6
DA:19,21
DA:20,21
DA:21,3
DA:23,18
DA:25,3
DA:28,2
LF:9
LH:9
BRDA:20,0,0,3
BRDA:20,0,1,18
BRF:2
BRH:2
end_of_record
TN:
SF:ctci/palindromePermutation.js
FN:13,(anonymous_0)
FNF:1
FNH:1
FNDA:7,(anonymous_0)
DA:13,1
DA:14,7
DA:15,7
DA:16,37
DA:17,37
DA:18,35
DA:21,7
DA:22,7
DA:23,24
DA:24,13
DA:27,7
DA:30,1
LF:12
LH:12
BRDA:17,0,0,35
BRDA:17,0,1,2
BRDA:18,1,0,35
BRDA:18,1,1,24
BRDA:23,2,0,13
BRDA:23,2,1,11
BRF:6
BRH:6
end_of_record
TN:
SF:ctci/palindromePermutation2.js
FN:14,(anonymous_0)
FNF:1
FNH:1
FNDA:7,(anonymous_0)
DA:14,1
DA:16,7
DA:17,7
DA:18,7
DA:19,35
DA:20,35
DA:21,11
DA:23,24
DA:26,7
DA:27,7
DA:30,1
LF:11
LH:11
BRDA:20,0,0,11
BRDA:20,0,1,24
BRF:2
BRH:2
end_of_record
TN:
SF:ctci/urlify.js
FN:5,(anonymous_0)
FNF:1
FNH:1
FNDA:18,(anonymous_0)
DA:5,3
DA:6,18
DA:9,3
LF:3
LH:3
BRF:0
BRH:0
end_of_record
TN:
SF:dynamicprogramming/equalSubset.js
FN:17,(anonymous_0)
FN:27,(anonymous_1)
FNF:2
FNH:2
FNDA:2,(anonymous_0)
FNDA:5,(anonymous_1)
DA:17,1
DA:18,2
DA:19,2
DA:20,2
DA:21,2
DA:22,1
DA:24,1
DA:27,1
DA:28,5
DA:29,5
DA:31,4
DA:32,0
DA:35,4
DA:42,1
LF:14
LH:13
BRDA:21,0,0,1
BRDA:21,0,1,1
BRDA:28,1,0,0
BRDA:28,1,1,5
BRDA:29,2,0,1
BRDA:29,2,1,4
BRDA:29,3,0,5
BRDA:29,3,1,5
BRDA:31,4,0,0
BRDA:31,4,1,4
BRDA:32,5,0,0
BRDA:32,5,1,0
BRF:12
BRH:8
end_of_record
TN:
SF:dynamicprogramming/fib.js
FN:1,(anonymous_0)
FNF:1
FNH:1
FNDA:100,(anonymous_0)
DA:1,1
DA:2,100
DA:3,54
DA:5,46
DA:9,1
LF:5
LH:5
BRDA:2,0,0,54
BRDA:2,0,1,46
BRF:2
BRH:2
end_of_record
TN:
SF:dynamicprogramming/knapsack.js
FN:10,(anonymous_0)
FNF:1
FNH:1
FNDA:6,(anonymous_0)
DA:10,3
DA:11,6
DA:12,0
DA:14,6
DA:15,6
DA:16,6
DA:17,24
DA:18,96
DA:19,54
DA:21,24
DA:23,6
DA:26,3
LF:12
LH:11
BRDA:11,0,0,0
BRDA:11,0,1,6
BRDA:18,1,0,54
BRDA:18,1,1,42
BRDA:18,2,0,96
BRDA:18,2,1,72
BRF:6
BRH:5
end_of_record
TN:
SF:hackerrank/diagonalDifference.js
FN:13,(anonymous_0)
FNF:1
FNH:1
FNDA:1,(anonymous_0)
DA:13,1
DA:14,1
DA:15,1
DA:16,1
DA:17,3
DA:18,9
DA:19,3
DA:21,9
DA:22,3
DA:28,1
DA:31,1
LF:11
LH:11
BRDA:18,0,0,3
BRDA:18,0,1,6
BRDA:21,1,0,3
BRDA:21,1,1,6
BRF:4
BRH:4
end_of_record
TN:
SF:hackerrank/militaryTimeConversion.js
FN:11,(anonymous_0)
FNF:1
FNH:1
FNDA:5,(anonymous_0)
DA:11,1
DA:12,5
DA:13,5
DA:15,5
DA:17,5
DA:20,5
DA:21,4
DA:22,3
DA:24,1
DA:27,1
DA:28,0
DA:30,1
DA:36,1
LF:13
LH:12
BRDA:20,0,0,4
BRDA:20,0,1,1
BRDA:21,1,0,3
BRDA:21,1,1,1
BRDA:27,2,0,0
BRDA:27,2,1,1
BRF:6
BRH:5
end_of_record
TN:
SF:hackerrank/permutationEquation.js
FN:1,permutationEquation
FNF:1
FNH:1
FNDA:1,permutationEquation
DA:2,1
DA:3,1
DA:4,1
DA:5,5
DA:8,1
DA:12,1
LF:6
LH:6
BRF:0
BRH:0
end_of_record
TN:
SF:interviews/kUniqueChars.js
FN:10,(anonymous_0)
FNF:1
FNH:1
FNDA:1,(anonymous_0)
DA:10,1
DA:11,1
DA:12,1
DA:15,1
DA:16,1
DA:17,1
DA:18,1
DA:20,1
DA:21,4
DA:22,4
DA:25,4
DA:27,0
DA:28,0
DA:31,4
DA:32,4
DA:35,1
DA:39,1
LF:17
LH:15
BRDA:25,0,0,0
BRDA:25,0,1,4
BRF:2
BRH:1
end_of_record
TN:
SF:interviews/longestSubstring.js
FN:17,(anonymous_0)
FNF:1
FNH:1
FNDA:5,(anonymous_0)
DA:17,1
DA:18,5
DA:19,5
DA:20,5
DA:21,5
DA:23,5
DA:24,59
DA:25,35
DA:26,35
DA:27,35
DA:29,24
DA:30,24
DA:33,5
DA:34,5
DA:38,1
LF:15
LH:15
BRDA:24,0,0,35
BRDA:24,0,1,24
BRF:2
BRH:2
end_of_record
